<?xml version="1.0" encoding="UTF-8" ?>
<testsuite tests="6" failures="0" name="com.fdmgroup.caruserregistration.UserDaoTest" time="0.219" errors="0" skipped="0">
  <properties>
    <property name="java.runtime.name" value="Java(TM) SE Runtime Environment"/>
    <property name="sun.boot.library.path" value="C:\Program Files\Java\jdk1.8.0_192\jre\bin"/>
    <property name="java.vm.version" value="25.192-b12"/>
    <property name="java.vm.vendor" value="Oracle Corporation"/>
    <property name="java.vendor.url" value="http://java.oracle.com/"/>
    <property name="path.separator" value=";"/>
    <property name="guice.disable.misplaced.annotation.check" value="true"/>
    <property name="java.vm.name" value="Java HotSpot(TM) 64-Bit Server VM"/>
    <property name="file.encoding.pkg" value="sun.io"/>
    <property name="user.script" value=""/>
    <property name="user.country" value="US"/>
    <property name="sun.java.launcher" value="SUN_STANDARD"/>
    <property name="sun.os.patch.level" value=""/>
    <property name="java.vm.specification.name" value="Java Virtual Machine Specification"/>
    <property name="user.dir" value="C:\Users\Todd.Rings\JavaEclipseWorkspace\caruserregistration"/>
    <property name="java.runtime.version" value="1.8.0_192-b12"/>
    <property name="java.awt.graphicsenv" value="sun.awt.Win32GraphicsEnvironment"/>
    <property name="java.endorsed.dirs" value="C:\Program Files\Java\jdk1.8.0_192\jre\lib\endorsed"/>
    <property name="os.arch" value="amd64"/>
    <property name="java.io.tmpdir" value="C:\Users\TODD~1.RIN\AppData\Local\Temp\"/>
    <property name="line.separator" value="
"/>
    <property name="java.vm.specification.vendor" value="Oracle Corporation"/>
    <property name="user.variant" value=""/>
    <property name="os.name" value="Windows 10"/>
    <property name="classworlds.conf" value="C:\Users\Todd.Rings\JavaEclipseWorkspace\.metadata\.plugins\org.eclipse.m2e.launching\launches\m2conf1990948982955661824.tmp"/>
    <property name="sun.jnu.encoding" value="Cp1252"/>
    <property name="java.library.path" value="C:\Program Files\Java\jdk1.8.0_192\bin;C:\WINDOWS\Sun\Java\bin;C:\WINDOWS\system32;C:\WINDOWS;C:\Program Files (x86)\Common Files\Oracle\Java\javapath;C:\oraclexe\app\oracle\product\11.2.0\server\bin;;C:\app\client\Administrator\product\12.2.0\client_1;C:\app\client\Administrator\product\12.2.0\client_1\bin;C:\app\client\Administrator\product\12.1.0\client_1;C:\app\client\Administrator\product\12.1.0\client_1\bin;C:\ProgramData\Oracle\Java\javapath;C:\WINDOWS\system32;C:\WINDOWS;C:\WINDOWS\System32\Wbem;C:\WINDOWS\System32\WindowsPowerShell\v1.0\;C:\Program Files (x86)\MSBuild\12.0\Bin\;C:\WINDOWS\system32\config\systemprofile\Documents\OracleBase\product\12.1.0\client_1;C:\WINDOWS\system32\config\systemprofile\Documents\OracleBase\product\12.1.0\client_1\bin;C:\WINDOWS\system32\WindowsPowerShell\v1.0;C:\Program Files\IBM\Client Access\Emulator;C:\Program Files\IBM\Client Access\Shared;C:\Program Files\IBM\Client Access\;C:\Program Files\Microsoft SQL Server\120\Tools\Binn\;c:\Program Files\Microsoft ASP.NET\ASP.NET Web Pages\v2.0\;C:\apache-maven-3.2.5\bin;C:\apache-tomcat-7.0.64\bin;C:\apache-tomcat-8.0.26\bin;C:\PROGRA~1\Java\JDK18~2.0_1;C:\PROGRA~1\Java\JDK18~2.0_1\bin;C:\Program Files (x86)\GtkSharp\2.12\bin;C:\Program Files\SlikSvn\bin;C:\Program Files\Microsoft SQL Server\Client SDK\ODBC\110\Tools\Binn\;C:\Program Files (x86)\Microsoft SQL Server\120\Tools\Binn\;C:\Program Files\Microsoft SQL Server\120\DTS\Binn\;C:\Program Files (x86)\Microsoft SQL Server\120\Tools\Binn\ManagementStudio\;C:\Program Files (x86)\Microsoft SQL Server\120\DTS\Binn\;C:\apache-tomcat-8.0.26\bin;C:\PROGRA~1\Java\JDK18~2.0_1\jre\bin;C:\PROGRA~1\Java\JDK18~2.0_1\jre;C:\Program Files\PuTTY\;C:\Program Files (x86)\Microsoft Visual Studio 12.0\Common7\IDE\PrivateAssemblies\;C:\Program Files\Git\cmd;C:\Program Files (x86)\Brackets\command;C:\Program Files\dotnet\;C:\Program Files\Microsoft SQL Server\130\Tools\Binn\;C:\WINDOWS\System32\OpenSSH\;C:\Users\Todd.Rings\AppData\Local\Microsoft\WindowsApps;;C:\Users\Todd.Rings\AppData\Local\Programs\Microsoft VS Code\bin;."/>
    <property name="java.specification.name" value="Java Platform API Specification"/>
    <property name="java.class.version" value="52.0"/>
    <property name="sun.management.compiler" value="HotSpot 64-Bit Tiered Compilers"/>
    <property name="os.version" value="10.0"/>
    <property name="user.home" value="C:\Users\Todd.Rings"/>
    <property name="user.timezone" value="America/Chicago"/>
    <property name="java.awt.printerjob" value="sun.awt.windows.WPrinterJob"/>
    <property name="java.specification.version" value="1.8"/>
    <property name="file.encoding" value="Cp1252"/>
    <property name="user.name" value="Todd.Rings"/>
    <property name="java.class.path" value="C:\apache-maven-3.2.5\boot\plexus-classworlds-2.5.2.jar"/>
    <property name="java.vm.specification.version" value="1.8"/>
    <property name="sun.arch.data.model" value="64"/>
    <property name="java.home" value="C:\Program Files\Java\jdk1.8.0_192\jre"/>
    <property name="sun.java.command" value="org.codehaus.plexus.classworlds.launcher.Launcher -B -gs C:\apache-maven-3.2.5\conf\settings.xml -s C:\apache-maven-3.2.5\conf\settings.xml -e clean tomcat7:redeploy"/>
    <property name="java.specification.vendor" value="Oracle Corporation"/>
    <property name="user.language" value="en"/>
    <property name="awt.toolkit" value="sun.awt.windows.WToolkit"/>
    <property name="java.vm.info" value="mixed mode"/>
    <property name="java.version" value="1.8.0_192"/>
    <property name="java.ext.dirs" value="C:\Program Files\Java\jdk1.8.0_192\jre\lib\ext;C:\WINDOWS\Sun\Java\lib\ext"/>
    <property name="sun.boot.class.path" value="C:\Program Files\Java\jdk1.8.0_192\jre\lib\resources.jar;C:\Program Files\Java\jdk1.8.0_192\jre\lib\rt.jar;C:\Program Files\Java\jdk1.8.0_192\jre\lib\sunrsasign.jar;C:\Program Files\Java\jdk1.8.0_192\jre\lib\jsse.jar;C:\Program Files\Java\jdk1.8.0_192\jre\lib\jce.jar;C:\Program Files\Java\jdk1.8.0_192\jre\lib\charsets.jar;C:\Program Files\Java\jdk1.8.0_192\jre\lib\jfr.jar;C:\Program Files\Java\jdk1.8.0_192\jre\classes"/>
    <property name="java.vendor" value="Oracle Corporation"/>
    <property name="maven.home" value="C:\apache-maven-3.2.5"/>
    <property name="file.separator" value="\"/>
    <property name="java.vendor.url.bug" value="http://bugreport.sun.com/bugreport/"/>
    <property name="sun.cpu.endian" value="little"/>
    <property name="sun.io.unicode.encoding" value="UnicodeLittle"/>
    <property name="sun.desktop" value="windows"/>
    <property name="sun.cpu.isalist" value="amd64"/>
  </properties>
  <testcase classname="com.fdmgroup.caruserregistration.UserDaoTest" name="test_createDuplicatePersistsUserToDatabase" time="0.094"/>
  <testcase classname="com.fdmgroup.caruserregistration.UserDaoTest" name="test_UpdateUserFromDatabase" time="0.094"/>
  <testcase classname="com.fdmgroup.caruserregistration.UserDaoTest" name="test_getUserFromDatabase_ByUsernameAndPassword" time="0.015"/>
  <testcase classname="com.fdmgroup.caruserregistration.UserDaoTest" name="test_createPersistsUserToDatabase" time="0"/>
  <testcase classname="com.fdmgroup.caruserregistration.UserDaoTest" name="test_removeUserFromDatabase" time="0.016"/>
  <testcase classname="com.fdmgroup.caruserregistration.UserDaoTest" name="test_getUserFromDatabase_ByUsername" time="0"/>
</testsuite>